<?xml version="1.0" encoding="UTF-8" standalone="yes"?>
<testsuites>
    <testsuite id="0" time="2671.89899999999988722265698015689849853515625" errors="0" failures="0" tests="7" hostname="iurii" timestamp="2012-08-09T16:16:46.594+02:00" name="qspr.tests.TestMoleculeBrowserFilterLinks">
        <testcase time="9.0359999999999995878852132591418921947479248046875" classname="qspr.tests.TestMoleculeBrowserFilterLinks" name="testFilterMoleculeId"/>
        <testcase time="31.620000000000000994759830064140260219573974609375" classname="qspr.tests.TestMoleculeBrowserFilterLinks" name="testFilterMoleculeName"/>
        <testcase time="5.368999999999999772626324556767940521240234375" classname="qspr.tests.TestMoleculeBrowserFilterLinks" name="testFilterMoleculeInchi1Key"/>
        <testcase time="5.7720000000000002415845301584340631961822509765625" classname="qspr.tests.TestMoleculeBrowserFilterLinks" name="testFilterMoleculeInchi2Key"/>
        <testcase time="46.98799999999999954525264911353588104248046875" classname="qspr.tests.TestMoleculeBrowserFilterLinks" name="testFilterMoleculeFragment"/>
        <testcase time="58.3539999999999992041921359486877918243408203125" classname="qspr.tests.TestMoleculeBrowserFilterLinks" name="testFilterMoleculeWithRecords"/>
        <testcase time="3.263999999999999790389892950770445168018341064453125" classname="qspr.tests.TestMoleculeBrowserFilterLinks" name="testLinkMoleculeRefreshReset"/>
        <system-out></system-out>
        <system-err></system-err>
    </testsuite>
    <testsuite id="0" time="2506.96199999999998908606357872486114501953125" errors="0" failures="0" tests="3" hostname="iurii" timestamp="2012-08-09T16:16:46.597+02:00" name="qspr.tests.TestPropertiesBrowserWikiPager">
        <testcase time="6.1340000000000003410605131648480892181396484375" classname="qspr.tests.TestPropertiesBrowserWikiPager" name="testPagerFwdBwd"/>
        <testcase time="6.60799999999999965183405947755090892314910888671875" classname="qspr.tests.TestPropertiesBrowserWikiPager" name="testPagerItemAmount"/>
        <testcase time="3.209000000000000074606987254810519516468048095703125" classname="qspr.tests.TestPropertiesBrowserWikiPager" name="testLinkTitleToWiki"/>
        <system-out></system-out>
        <system-err></system-err>
    </testsuite>
    <testsuite id="0" time="2486.39399999999977808329276740550994873046875" errors="0" failures="0" tests="8" hostname="iurii" timestamp="2012-08-09T16:16:46.597+02:00" name="qspr.tests.TestTagsBrowserFilterLinks">
        <testcase time="3.630999999999999783284465593169443309307098388671875" classname="qspr.tests.TestTagsBrowserFilterLinks" name="testFilterTagsName"/>
        <testcase time="1.786000000000000031974423109204508364200592041015625" classname="qspr.tests.TestTagsBrowserFilterLinks" name="testLinkNewTag"/>
        <testcase time="12.5280000000000004689582056016661226749420166015625" classname="qspr.tests.TestTagsBrowserFilterLinks" name="testFilterTypeOfTagsSelect"/>
        <testcase time="2.4900000000000002131628207280300557613372802734375" classname="qspr.tests.TestTagsBrowserFilterLinks" name="testLinkWikiTag"/>
        <testcase time="1.7270000000000000905941988094127736985683441162109375" classname="qspr.tests.TestTagsBrowserFilterLinks" name="testLinkExportTag"/>
        <testcase time="1.419000000000000039079850466805510222911834716796875" classname="qspr.tests.TestTagsBrowserFilterLinks" name="testLinkDeleteTag"/>
        <testcase time="1.7190000000000000834887714518117718398571014404296875" classname="qspr.tests.TestTagsBrowserFilterLinks" name="testLinkEditTag"/>
        <testcase time="2.2050000000000000710542735760100185871124267578125" classname="qspr.tests.TestTagsBrowserFilterLinks" name="testLinkRecordTag"/>
        <system-out></system-out>
        <system-err></system-err>
    </testsuite>
    <testsuite id="0" time="2457.885000000000218278728425502777099609375" errors="0" failures="1" tests="2" hostname="iurii" timestamp="2012-08-09T16:16:46.597+02:00" name="qspr.tests.ModelCreationTest">
        <testcase time="57.64500000000000312638803734444081783294677734375" classname="qspr.tests.ModelCreationTest" name="createAndApplyCVModelTest"/>
        <testcase time="600.0040000000000190993887372314929962158203125" classname="qspr.tests.ModelCreationTest" name="createAndApplyBaggingModelTest">
            <failure type="java.lang.Exception" message="test timed out after 600000 milliseconds">java.lang.Exception: test timed out after 600000 milliseconds
	at java.lang.Class.getEnclosingMethodInfo(Class.java:933)
	at java.lang.Class.getEnclosingClass(Class.java:1081)
	at java.lang.Class.getSimpleBinaryName(Class.java:1220)
	at java.lang.Class.getSimpleName(Class.java:1112)
	at qspr.util.WrapperThread.run(WrapperThread.java:82)
	at qspr.tests.ModelCreationTest.createAndApplyModelTest(ModelCreationTest.java:102)
	at qspr.tests.ModelCreationTest.createAndApplyBaggingModelTest(ModelCreationTest.java:54)
	at sun.reflect.NativeMethodAccessorImpl.invoke0(Native Method)
	at sun.reflect.NativeMethodAccessorImpl.invoke(NativeMethodAccessorImpl.java:39)
	at sun.reflect.DelegatingMethodAccessorImpl.invoke(DelegatingMethodAccessorImpl.java:25)
	at java.lang.reflect.Method.invoke(Method.java:597)
	at org.junit.runners.model.FrameworkMethod$1.runReflectiveCall(FrameworkMethod.java:45)
	at org.junit.internal.runners.model.ReflectiveCallable.run(ReflectiveCallable.java:15)
	at org.junit.runners.model.FrameworkMethod.invokeExplosively(FrameworkMethod.java:42)
	at org.junit.internal.runners.statements.InvokeMethod.evaluate(InvokeMethod.java:20)
	at org.junit.internal.runners.statements.FailOnTimeout$StatementThread.run(FailOnTimeout.java:62)
</failure>
        </testcase>
        <system-out></system-out>
        <system-err></system-err>
    </testsuite>
    <testsuite id="0" time="1795.854000000000041836756281554698944091796875" errors="0" failures="1" tests="8" hostname="iurii" timestamp="2012-08-09T16:16:46.598+02:00" name="qspr.tests.TestEPBrowserMenuRecords">
        <testcase time="9.986000000000000653699316899292171001434326171875" classname="qspr.tests.TestEPBrowserMenuRecords" name="testSelectFiltered">
            <failure type="com.thoughtworks.selenium.SeleniumException" message="ERROR: Option with label 'TEST_EPBrowserMenuTest' not found">com.thoughtworks.selenium.SeleniumException: ERROR: Option with label 'TEST_EPBrowserMenuTest' not found
	at com.thoughtworks.selenium.HttpCommandProcessor.throwAssertionFailureExceptionOrError(HttpCommandProcessor.java:112)
	at com.thoughtworks.selenium.HttpCommandProcessor.doCommand(HttpCommandProcessor.java:106)
	at com.thoughtworks.selenium.DefaultSelenium.select(DefaultSelenium.java:345)
	at qspr.tests.TestEPBrowserMenuRecords.testSelectFiltered(TestEPBrowserMenuRecords.java:54)
	at sun.reflect.NativeMethodAccessorImpl.invoke0(Native Method)
	at sun.reflect.NativeMethodAccessorImpl.invoke(NativeMethodAccessorImpl.java:39)
	at sun.reflect.DelegatingMethodAccessorImpl.invoke(DelegatingMethodAccessorImpl.java:25)
	at java.lang.reflect.Method.invoke(Method.java:597)
	at org.junit.runners.model.FrameworkMethod$1.runReflectiveCall(FrameworkMethod.java:45)
	at org.junit.internal.runners.model.ReflectiveCallable.run(ReflectiveCallable.java:15)
	at org.junit.runners.model.FrameworkMethod.invokeExplosively(FrameworkMethod.java:42)
	at org.junit.internal.runners.statements.InvokeMethod.evaluate(InvokeMethod.java:20)
	at org.junit.runners.ParentRunner.runLeaf(ParentRunner.java:263)
	at org.junit.runners.BlockJUnit4ClassRunner.runChild(BlockJUnit4ClassRunner.java:68)
	at org.junit.runners.BlockJUnit4ClassRunner.runChild(BlockJUnit4ClassRunner.java:47)
	at org.junit.runners.ParentRunner$3.run(ParentRunner.java:231)
	at org.junit.runners.ParentRunner$1.schedule(ParentRunner.java:60)
	at org.junit.runners.ParentRunner.runChildren(ParentRunner.java:229)
	at org.junit.runners.ParentRunner.access$000(ParentRunner.java:50)
	at org.junit.runners.ParentRunner$2.evaluate(ParentRunner.java:222)
	at org.junit.internal.runners.statements.RunBefores.evaluate(RunBefores.java:28)
	at org.junit.internal.runners.statements.RunAfters.evaluate(RunAfters.java:30)
	at org.junit.runners.ParentRunner.run(ParentRunner.java:300)
	at org.junit.runners.Suite.runChild(Suite.java:128)
	at org.junit.runners.Suite.runChild(Suite.java:24)
	at org.junit.runners.ParentRunner$3.run(ParentRunner.java:231)
	at org.junit.runners.ParentRunner$1.schedule(ParentRunner.java:60)
	at org.junit.runners.ParentRunner.runChildren(ParentRunner.java:229)
	at org.junit.runners.ParentRunner.access$000(ParentRunner.java:50)
	at org.junit.runners.ParentRunner$2.evaluate(ParentRunner.java:222)
	at org.junit.runners.ParentRunner.run(ParentRunner.java:300)
	at org.junit.runner.JUnitCore.run(JUnitCore.java:157)
	at org.junit.runner.JUnitCore.run(JUnitCore.java:136)
	at qspr.tests.PeriodicTestRunner.run(PeriodicTestRunner.java:70)
	at qspr.dev.TestTheTest.main(TestTheTest.java:14)
</failure>
        </testcase>
        <testcase time="2.38600000000000012079226507921703159809112548828125" classname="qspr.tests.TestEPBrowserMenuRecords" name="testSelectAllOnPage"/>
        <testcase time="2.41500000000000003552713678800500929355621337890625" classname="qspr.tests.TestEPBrowserMenuRecords" name="testUnselectAllRecords"/>
        <testcase time="2.0830000000000001847411112976260483264923095703125" classname="qspr.tests.TestEPBrowserMenuRecords" name="testBatchUpload"/>
        <testcase time="2.584000000000000074606987254810519516468048095703125" classname="qspr.tests.TestEPBrowserMenuRecords" name="testBatchEdit"/>
        <testcase time="2.29999999999999982236431605997495353221893310546875" classname="qspr.tests.TestEPBrowserMenuRecords" name="testCreateEmptyRecord"/>
        <testcase time="3.601999999999999868549593884381465613842010498046875" classname="qspr.tests.TestEPBrowserMenuRecords" name="testDeleteFilteredRecords"/>
        <testcase time="2.483000000000000095923269327613525092601776123046875" classname="qspr.tests.TestEPBrowserMenuRecords" name="testViewTrash"/>
        <system-out></system-out>
        <system-err></system-err>
    </testsuite>
    <testsuite id="0" time="1763.665999999999939973349682986736297607421875" errors="0" failures="0" tests="3" hostname="iurii" timestamp="2012-08-09T16:16:46.598+02:00" name="qspr.tests.TestEPBrowserFilterConditions">
        <testcase time="24.457999999999998408384271897375583648681640625" classname="qspr.tests.TestEPBrowserFilterConditions" name="testFilterConditionsNum"/>
        <testcase time="5.6159999999999996589394868351519107818603515625" classname="qspr.tests.TestEPBrowserFilterConditions" name="testFilterConditionsQual"/>
        <testcase time="5.480000000000000426325641456060111522674560546875" classname="qspr.tests.TestEPBrowserFilterConditions" name="testFilterConditionsText"/>
        <system-out></system-out>
        <system-err></system-err>
    </testsuite>
    <testsuite id="0" time="1723.877999999999929059413261711597442626953125" errors="0" failures="0" tests="10" hostname="iurii" timestamp="2012-08-09T16:16:46.598+02:00" name="qspr.tests.TestOchemMenuHome">
        <testcase time="15.2140000000000004121147867408581078052520751953125" classname="qspr.tests.TestOchemMenuHome" name="testHomeHome"/>
        <testcase time="1.2849999999999999200639422269887290894985198974609375" classname="qspr.tests.TestOchemMenuHome" name="testHomeOchemManual"/>
        <testcase time="1.07200000000000006394884621840901672840118408203125" classname="qspr.tests.TestOchemMenuHome" name="testHomeQsprTeam"/>
        <testcase time="0.9739999999999999769073610877967439591884613037109375" classname="qspr.tests.TestOchemMenuHome" name="testHomeOchemWiki"/>
        <testcase time="0.7119999999999999662492200513952411711215972900390625" classname="qspr.tests.TestOchemMenuHome" name="testHomeTutorialsAndUseCases"/>
        <testcase time="0.76100000000000000976996261670137755572795867919921875" classname="qspr.tests.TestOchemMenuHome" name="testHomeAcknowledgements"/>
        <testcase time="0.70899999999999996358468479229486547410488128662109375" classname="qspr.tests.TestOchemMenuHome" name="testHomeCitation"/>
        <testcase time="0.79100000000000003641531520770513452589511871337890625" classname="qspr.tests.TestOchemMenuHome" name="testHomeMyAccountInformation"/>
        <testcase time="0.762000000000000010658141036401502788066864013671875" classname="qspr.tests.TestOchemMenuHome" name="testHomeCheckMails"/>
        <testcase time="1.044000000000000039079850466805510222911834716796875" classname="qspr.tests.TestOchemMenuHome" name="testHomeLogout"/>
        <system-out></system-out>
        <system-err></system-err>
    </testsuite>
    <testsuite id="0" time="1695.986000000000103682396002113819122314453125" errors="0" failures="0" tests="10" hostname="iurii" timestamp="2012-08-09T16:16:46.599+02:00" name="qspr.tests.TestArticleBrowserFilter">
        <testcase time="3.345000000000000195399252334027551114559173583984375" classname="qspr.tests.TestArticleBrowserFilter" name="testFilterMediaTypeArticle"/>
        <testcase time="3.560000000000000053290705182007513940334320068359375" classname="qspr.tests.TestArticleBrowserFilter" name="testFilterPubmedIDArticle"/>
        <testcase time="4.1210000000000004405364961712621152400970458984375" classname="qspr.tests.TestArticleBrowserFilter" name="testFilterOchemIDArticle"/>
        <testcase time="3.648000000000000131450406115618534386157989501953125" classname="qspr.tests.TestArticleBrowserFilter" name="testFilterTiltleArticle"/>
        <testcase time="3.63600000000000012079226507921703159809112548828125" classname="qspr.tests.TestArticleBrowserFilter" name="testFilterAuthorsArticle"/>
        <testcase time="3.588999999999999968025576890795491635799407958984375" classname="qspr.tests.TestArticleBrowserFilter" name="testFilterJournalArticle"/>
        <testcase time="3.4870000000000000994759830064140260219573974609375" classname="qspr.tests.TestArticleBrowserFilter" name="testFilterVolumeArticle"/>
        <testcase time="3.495999999999999996447286321199499070644378662109375" classname="qspr.tests.TestArticleBrowserFilter" name="testFilterYearArticle"/>
        <testcase time="4.8840000000000003410605131648480892181396484375" classname="qspr.tests.TestArticleBrowserFilter" name="testFilterWithModelsArticle"/>
        <testcase time="3.745999999999999996447286321199499070644378662109375" classname="qspr.tests.TestArticleBrowserFilter" name="testFilterIntroducerModifierArticle"/>
        <system-out></system-out>
        <system-err></system-err>
    </testsuite>
    <testsuite id="0" time="1653.500999999999976353137753903865814208984375" errors="0" failures="0" tests="9" hostname="iurii" timestamp="2012-08-09T16:16:46.599+02:00" name="qspr.tests.TestEPBrowserCommandPanelRecord">
        <testcase time="2.31099999999999994315658113919198513031005859375" classname="qspr.tests.TestEPBrowserCommandPanelRecord" name="testRecordMenu"/>
        <testcase time="3.736000000000000209610107049229554831981658935546875" classname="qspr.tests.TestEPBrowserCommandPanelRecord" name="testEditRecord"/>
        <testcase time="3.5419999999999998152588887023739516735076904296875" classname="qspr.tests.TestEPBrowserCommandPanelRecord" name="testCloneRecord"/>
        <testcase time="3.339999999999999857891452847979962825775146484375" classname="qspr.tests.TestEPBrowserCommandPanelRecord" name="testCompoundDetails"/>
        <testcase time="48.99300000000000210320649784989655017852783203125" classname="qspr.tests.TestEPBrowserCommandPanelRecord" name="testChanges"/>
        <testcase time="10.9489999999999998436805981327779591083526611328125" classname="qspr.tests.TestEPBrowserCommandPanelRecord" name="testFindSameRecordsIgnoreStereo"/>
        <testcase time="3.19099999999999983657517077517695724964141845703125" classname="qspr.tests.TestEPBrowserCommandPanelRecord" name="testFindSameRecordsPreserveStereo"/>
        <testcase time="3.103000000000000202504679691628552973270416259765625" classname="qspr.tests.TestEPBrowserCommandPanelRecord" name="testFindDuplicates"/>
        <testcase time="3.1280000000000001136868377216160297393798828125" classname="qspr.tests.TestEPBrowserCommandPanelRecord" name="testTrackChanges"/>
        <system-out></system-out>
        <system-err></system-err>
    </testsuite>
    <testsuite id="0" time="1566.60699999999997089616954326629638671875" errors="0" failures="1" tests="7" hostname="iurii" timestamp="2012-08-09T16:16:46.600+02:00" name="qspr.tests.TestEPBrowserFilterMolecule">
        <testcase time="6.2409999999999996589394868351519107818603515625" classname="qspr.tests.TestEPBrowserFilterMolecule" name="testFilterMoleculeName"/>
        <testcase time="9.231999999999999317878973670303821563720703125" classname="qspr.tests.TestEPBrowserFilterMolecule" name="testFilterMoleculeFragment">
            <failure type="com.thoughtworks.selenium.SeleniumException" message="ERROR: Element css=#Browser &gt; div not found">com.thoughtworks.selenium.SeleniumException: ERROR: Element css=#Browser &gt; div not found
	at com.thoughtworks.selenium.HttpCommandProcessor.throwAssertionFailureExceptionOrError(HttpCommandProcessor.java:112)
	at com.thoughtworks.selenium.HttpCommandProcessor.doCommand(HttpCommandProcessor.java:106)
	at com.thoughtworks.selenium.HttpCommandProcessor.getString(HttpCommandProcessor.java:275)
	at com.thoughtworks.selenium.DefaultSelenium.getText(DefaultSelenium.java:471)
	at qspr.tests.TestEPBrowserFilterMolecule.testFilterMoleculeFragment(TestEPBrowserFilterMolecule.java:108)
	at sun.reflect.NativeMethodAccessorImpl.invoke0(Native Method)
	at sun.reflect.NativeMethodAccessorImpl.invoke(NativeMethodAccessorImpl.java:39)
	at sun.reflect.DelegatingMethodAccessorImpl.invoke(DelegatingMethodAccessorImpl.java:25)
	at java.lang.reflect.Method.invoke(Method.java:597)
	at org.junit.runners.model.FrameworkMethod$1.runReflectiveCall(FrameworkMethod.java:45)
	at org.junit.internal.runners.model.ReflectiveCallable.run(ReflectiveCallable.java:15)
	at org.junit.runners.model.FrameworkMethod.invokeExplosively(FrameworkMethod.java:42)
	at org.junit.internal.runners.statements.InvokeMethod.evaluate(InvokeMethod.java:20)
	at org.junit.runners.ParentRunner.runLeaf(ParentRunner.java:263)
	at org.junit.runners.BlockJUnit4ClassRunner.runChild(BlockJUnit4ClassRunner.java:68)
	at org.junit.runners.BlockJUnit4ClassRunner.runChild(BlockJUnit4ClassRunner.java:47)
	at org.junit.runners.ParentRunner$3.run(ParentRunner.java:231)
	at org.junit.runners.ParentRunner$1.schedule(ParentRunner.java:60)
	at org.junit.runners.ParentRunner.runChildren(ParentRunner.java:229)
	at org.junit.runners.ParentRunner.access$000(ParentRunner.java:50)
	at org.junit.runners.ParentRunner$2.evaluate(ParentRunner.java:222)
	at org.junit.internal.runners.statements.RunBefores.evaluate(RunBefores.java:28)
	at org.junit.internal.runners.statements.RunAfters.evaluate(RunAfters.java:30)
	at org.junit.runners.ParentRunner.run(ParentRunner.java:300)
	at org.junit.runners.Suite.runChild(Suite.java:128)
	at org.junit.runners.Suite.runChild(Suite.java:24)
	at org.junit.runners.ParentRunner$3.run(ParentRunner.java:231)
	at org.junit.runners.ParentRunner$1.schedule(ParentRunner.java:60)
	at org.junit.runners.ParentRunner.runChildren(ParentRunner.java:229)
	at org.junit.runners.ParentRunner.access$000(ParentRunner.java:50)
	at org.junit.runners.ParentRunner$2.evaluate(ParentRunner.java:222)
	at org.junit.runners.ParentRunner.run(ParentRunner.java:300)
	at org.junit.runner.JUnitCore.run(JUnitCore.java:157)
	at org.junit.runner.JUnitCore.run(JUnitCore.java:136)
	at qspr.tests.PeriodicTestRunner.run(PeriodicTestRunner.java:70)
	at qspr.dev.TestTheTest.main(TestTheTest.java:14)
</failure>
        </testcase>
        <testcase time="6.458999999999999630517777404747903347015380859375" classname="qspr.tests.TestEPBrowserFilterMolecule" name="testFilterMoleculeCASNR"/>
        <testcase time="5.56599999999999983657517077517695724964141845703125" classname="qspr.tests.TestEPBrowserFilterMolecule" name="testFilterMoleculeOchemID"/>
        <testcase time="4.8179999999999996163069226895458996295928955078125" classname="qspr.tests.TestEPBrowserFilterMolecule" name="testFilterMoleculeInchiKey1"/>
        <testcase time="4.1639999999999997015720509807579219341278076171875" classname="qspr.tests.TestEPBrowserFilterMolecule" name="testFilterMoleculeInchiKey2"/>
        <testcase time="106.0739999999999980673237587325274944305419921875" classname="qspr.tests.TestEPBrowserFilterMolecule" name="testFilterMoleculeMass"/>
        <system-out></system-out>
        <system-err></system-err>
    </testsuite>
    <testsuite id="0" time="1413.7899999999999636202119290828704833984375" errors="0" failures="0" tests="2" hostname="iurii" timestamp="2012-08-09T16:16:46.600+02:00" name="qspr.tests.TestEPBrowserMenuTag">
        <testcase time="2.592999999999999971578290569595992565155029296875" classname="qspr.tests.TestEPBrowserMenuTag" name="testAddTag"/>
        <testcase time="3.4900000000000002131628207280300557613372802734375" classname="qspr.tests.TestEPBrowserMenuTag" name="testRemoveTag"/>
        <system-out></system-out>
        <system-err></system-err>
    </testsuite>
    <testsuite id="0" time="1393.8699999999998908606357872486114501953125" errors="0" failures="0" tests="4" hostname="iurii" timestamp="2012-08-09T16:16:46.600+02:00" name="qspr.tests.TestBasketBrowserOperations">
        <testcase time="2.3650000000000002131628207280300557613372802734375" classname="qspr.tests.TestBasketBrowserOperations" name="testLinkRecordEdit"/>
        <testcase time="2.946000000000000174082970261224545538425445556640625" classname="qspr.tests.TestBasketBrowserOperations" name="testLinkRecordDelete"/>
        <testcase time="3.579000000000000181188397618825547397136688232421875" classname="qspr.tests.TestBasketBrowserOperations" name="testRecordSelectCompare"/>
        <testcase time="3.720000000000000195399252334027551114559173583984375" classname="qspr.tests.TestBasketBrowserOperations" name="testRecordSelectJoin"/>
        <system-out></system-out>
        <system-err></system-err>
    </testsuite>
    <testsuite id="0" time="1376.535000000000081854523159563541412353515625" errors="0" failures="2" tests="6" hostname="iurii" timestamp="2012-08-09T16:16:46.601+02:00" name="qspr.tests.TestOchemLogin">
        <testcase time="13.0559999999999991615595718030817806720733642578125" classname="qspr.tests.TestOchemLogin" name="testLinkLoginAsGuest">
            <failure type="java.lang.AssertionError">java.lang.AssertionError
	at org.junit.Assert.fail(Assert.java:92)
	at org.junit.Assert.assertTrue(Assert.java:43)
	at org.junit.Assert.assertTrue(Assert.java:54)
	at qspr.tests.TestOchemLogin.testLinkLoginAsGuest(TestOchemLogin.java:52)
	at sun.reflect.NativeMethodAccessorImpl.invoke0(Native Method)
	at sun.reflect.NativeMethodAccessorImpl.invoke(NativeMethodAccessorImpl.java:39)
	at sun.reflect.DelegatingMethodAccessorImpl.invoke(DelegatingMethodAccessorImpl.java:25)
	at java.lang.reflect.Method.invoke(Method.java:597)
	at org.junit.runners.model.FrameworkMethod$1.runReflectiveCall(FrameworkMethod.java:45)
	at org.junit.internal.runners.model.ReflectiveCallable.run(ReflectiveCallable.java:15)
	at org.junit.runners.model.FrameworkMethod.invokeExplosively(FrameworkMethod.java:42)
	at org.junit.internal.runners.statements.InvokeMethod.evaluate(InvokeMethod.java:20)
	at org.junit.runners.ParentRunner.runLeaf(ParentRunner.java:263)
	at org.junit.runners.BlockJUnit4ClassRunner.runChild(BlockJUnit4ClassRunner.java:68)
	at org.junit.runners.BlockJUnit4ClassRunner.runChild(BlockJUnit4ClassRunner.java:47)
	at org.junit.runners.ParentRunner$3.run(ParentRunner.java:231)
	at org.junit.runners.ParentRunner$1.schedule(ParentRunner.java:60)
	at org.junit.runners.ParentRunner.runChildren(ParentRunner.java:229)
	at org.junit.runners.ParentRunner.access$000(ParentRunner.java:50)
	at org.junit.runners.ParentRunner$2.evaluate(ParentRunner.java:222)
	at org.junit.internal.runners.statements.RunBefores.evaluate(RunBefores.java:28)
	at org.junit.internal.runners.statements.RunAfters.evaluate(RunAfters.java:30)
	at org.junit.runners.ParentRunner.run(ParentRunner.java:300)
	at org.junit.runners.Suite.runChild(Suite.java:128)
	at org.junit.runners.Suite.runChild(Suite.java:24)
	at org.junit.runners.ParentRunner$3.run(ParentRunner.java:231)
	at org.junit.runners.ParentRunner$1.schedule(ParentRunner.java:60)
	at org.junit.runners.ParentRunner.runChildren(ParentRunner.java:229)
	at org.junit.runners.ParentRunner.access$000(ParentRunner.java:50)
	at org.junit.runners.ParentRunner$2.evaluate(ParentRunner.java:222)
	at org.junit.runners.ParentRunner.run(ParentRunner.java:300)
	at org.junit.runner.JUnitCore.run(JUnitCore.java:157)
	at org.junit.runner.JUnitCore.run(JUnitCore.java:136)
	at qspr.tests.PeriodicTestRunner.run(PeriodicTestRunner.java:70)
	at qspr.dev.TestTheTest.main(TestTheTest.java:14)
</failure>
        </testcase>
        <testcase time="4.9260000000000001563194018672220408916473388671875" classname="qspr.tests.TestOchemLogin" name="testLinkLogin"/>
        <testcase time="1.967999999999999971578290569595992565155029296875" classname="qspr.tests.TestOchemLogin" name="testLinkFacebookLogin">
            <failure type="java.lang.AssertionError">java.lang.AssertionError
	at org.junit.Assert.fail(Assert.java:92)
	at org.junit.Assert.assertTrue(Assert.java:43)
	at org.junit.Assert.assertTrue(Assert.java:54)
	at qspr.tests.TestOchemLogin.testLinkFacebookLogin(TestOchemLogin.java:99)
	at sun.reflect.NativeMethodAccessorImpl.invoke0(Native Method)
	at sun.reflect.NativeMethodAccessorImpl.invoke(NativeMethodAccessorImpl.java:39)
	at sun.reflect.DelegatingMethodAccessorImpl.invoke(DelegatingMethodAccessorImpl.java:25)
	at java.lang.reflect.Method.invoke(Method.java:597)
	at org.junit.runners.model.FrameworkMethod$1.runReflectiveCall(FrameworkMethod.java:45)
	at org.junit.internal.runners.model.ReflectiveCallable.run(ReflectiveCallable.java:15)
	at org.junit.runners.model.FrameworkMethod.invokeExplosively(FrameworkMethod.java:42)
	at org.junit.internal.runners.statements.InvokeMethod.evaluate(InvokeMethod.java:20)
	at org.junit.runners.ParentRunner.runLeaf(ParentRunner.java:263)
	at org.junit.runners.BlockJUnit4ClassRunner.runChild(BlockJUnit4ClassRunner.java:68)
	at org.junit.runners.BlockJUnit4ClassRunner.runChild(BlockJUnit4ClassRunner.java:47)
	at org.junit.runners.ParentRunner$3.run(ParentRunner.java:231)
	at org.junit.runners.ParentRunner$1.schedule(ParentRunner.java:60)
	at org.junit.runners.ParentRunner.runChildren(ParentRunner.java:229)
	at org.junit.runners.ParentRunner.access$000(ParentRunner.java:50)
	at org.junit.runners.ParentRunner$2.evaluate(ParentRunner.java:222)
	at org.junit.internal.runners.statements.RunBefores.evaluate(RunBefores.java:28)
	at org.junit.internal.runners.statements.RunAfters.evaluate(RunAfters.java:30)
	at org.junit.runners.ParentRunner.run(ParentRunner.java:300)
	at org.junit.runners.Suite.runChild(Suite.java:128)
	at org.junit.runners.Suite.runChild(Suite.java:24)
	at org.junit.runners.ParentRunner$3.run(ParentRunner.java:231)
	at org.junit.runners.ParentRunner$1.schedule(ParentRunner.java:60)
	at org.junit.runners.ParentRunner.runChildren(ParentRunner.java:229)
	at org.junit.runners.ParentRunner.access$000(ParentRunner.java:50)
	at org.junit.runners.ParentRunner$2.evaluate(ParentRunner.java:222)
	at org.junit.runners.ParentRunner.run(ParentRunner.java:300)
	at org.junit.runner.JUnitCore.run(JUnitCore.java:157)
	at org.junit.runner.JUnitCore.run(JUnitCore.java:136)
	at qspr.tests.PeriodicTestRunner.run(PeriodicTestRunner.java:70)
	at qspr.dev.TestTheTest.main(TestTheTest.java:14)
</failure>
        </testcase>
        <testcase time="2.202999999999999847233311811578460037708282470703125" classname="qspr.tests.TestOchemLogin" name="testLinkPaswordReminderLoginId"/>
        <testcase time="2.047000000000000152766688188421539962291717529296875" classname="qspr.tests.TestOchemLogin" name="testLinkPaswordReminderEmail"/>
        <testcase time="1.2359999999999999875655021241982467472553253173828125" classname="qspr.tests.TestOchemLogin" name="testLinkNewUser"/>
        <system-out></system-out>
        <system-err></system-err>
    </testsuite>
    <testsuite id="0" time="1346.685999999999921783455647528171539306640625" errors="0" failures="1" tests="5" hostname="iurii" timestamp="2012-08-09T16:16:46.601+02:00" name="qspr.tests.TestOchemMenuModels">
        <testcase time="0.5540000000000000479616346638067625463008880615234375" classname="qspr.tests.TestOchemMenuModels" name="testModelsCreate">
            <failure type="java.lang.AssertionError">java.lang.AssertionError
	at org.junit.Assert.fail(Assert.java:92)
	at org.junit.Assert.assertTrue(Assert.java:43)
	at org.junit.Assert.assertTrue(Assert.java:54)
	at qspr.tests.TestOchemMenuModels.testModelsCreate(TestOchemMenuModels.java:39)
	at sun.reflect.NativeMethodAccessorImpl.invoke0(Native Method)
	at sun.reflect.NativeMethodAccessorImpl.invoke(NativeMethodAccessorImpl.java:39)
	at sun.reflect.DelegatingMethodAccessorImpl.invoke(DelegatingMethodAccessorImpl.java:25)
	at java.lang.reflect.Method.invoke(Method.java:597)
	at org.junit.runners.model.FrameworkMethod$1.runReflectiveCall(FrameworkMethod.java:45)
	at org.junit.internal.runners.model.ReflectiveCallable.run(ReflectiveCallable.java:15)
	at org.junit.runners.model.FrameworkMethod.invokeExplosively(FrameworkMethod.java:42)
	at org.junit.internal.runners.statements.InvokeMethod.evaluate(InvokeMethod.java:20)
	at org.junit.runners.ParentRunner.runLeaf(ParentRunner.java:263)
	at org.junit.runners.BlockJUnit4ClassRunner.runChild(BlockJUnit4ClassRunner.java:68)
	at org.junit.runners.BlockJUnit4ClassRunner.runChild(BlockJUnit4ClassRunner.java:47)
	at org.junit.runners.ParentRunner$3.run(ParentRunner.java:231)
	at org.junit.runners.ParentRunner$1.schedule(ParentRunner.java:60)
	at org.junit.runners.ParentRunner.runChildren(ParentRunner.java:229)
	at org.junit.runners.ParentRunner.access$000(ParentRunner.java:50)
	at org.junit.runners.ParentRunner$2.evaluate(ParentRunner.java:222)
	at org.junit.internal.runners.statements.RunBefores.evaluate(RunBefores.java:28)
	at org.junit.internal.runners.statements.RunAfters.evaluate(RunAfters.java:30)
	at org.junit.runners.ParentRunner.run(ParentRunner.java:300)
	at org.junit.runners.Suite.runChild(Suite.java:128)
	at org.junit.runners.Suite.runChild(Suite.java:24)
	at org.junit.runners.ParentRunner$3.run(ParentRunner.java:231)
	at org.junit.runners.ParentRunner$1.schedule(ParentRunner.java:60)
	at org.junit.runners.ParentRunner.runChildren(ParentRunner.java:229)
	at org.junit.runners.ParentRunner.access$000(ParentRunner.java:50)
	at org.junit.runners.ParentRunner$2.evaluate(ParentRunner.java:222)
	at org.junit.runners.ParentRunner.run(ParentRunner.java:300)
	at org.junit.runner.JUnitCore.run(JUnitCore.java:157)
	at org.junit.runner.JUnitCore.run(JUnitCore.java:136)
	at qspr.tests.PeriodicTestRunner.run(PeriodicTestRunner.java:70)
	at qspr.dev.TestTheTest.main(TestTheTest.java:14)
</failure>
        </testcase>
        <testcase time="0.786000000000000031974423109204508364200592041015625" classname="qspr.tests.TestOchemMenuModels" name="testModelsApply"/>
        <testcase time="3.532000000000000028421709430404007434844970703125" classname="qspr.tests.TestOchemMenuModels" name="testModelsCreateMultiple"/>
        <testcase time="0.85099999999999997868371792719699442386627197265625" classname="qspr.tests.TestOchemMenuModels" name="testModelsViewPendingTasks"/>
        <testcase time="0.7560000000000000053290705182007513940334320068359375" classname="qspr.tests.TestOchemMenuModels" name="testModelsCalculateDescriptors"/>
        <system-out></system-out>
        <system-err></system-err>
    </testsuite>
    <testsuite id="0" time="1335.74299999999993815436027944087982177734375" errors="0" failures="0" tests="6" hostname="iurii" timestamp="2012-08-09T16:16:46.602+02:00" name="qspr.tests.TestUnitBrowserFilterLinks">
        <testcase time="14.050000000000000710542735760100185871124267578125" classname="qspr.tests.TestUnitBrowserFilterLinks" name="testFilterUnitName"/>
        <testcase time="1.9090000000000000301980662698042578995227813720703125" classname="qspr.tests.TestUnitBrowserFilterLinks" name="testLinkNewUnit"/>
        <testcase time="79.14199999999999590727384202182292938232421875" classname="qspr.tests.TestUnitBrowserFilterLinks" name="testFilterSystemOfUnitSelect"/>
        <testcase time="1.745999999999999996447286321199499070644378662109375" classname="qspr.tests.TestUnitBrowserFilterLinks" name="testLinkEditUnit"/>
        <testcase time="2.099000000000000198951966012828052043914794921875" classname="qspr.tests.TestUnitBrowserFilterLinks" name="testLinkWikiUnit"/>
        <testcase time="2.2080000000000001847411112976260483264923095703125" classname="qspr.tests.TestUnitBrowserFilterLinks" name="testLinkRecordUnit"/>
        <system-out></system-out>
        <system-err></system-err>
    </testsuite>
    <testsuite id="0" time="1230.256000000000085492501966655254364013671875" errors="0" failures="0" tests="4" hostname="iurii" timestamp="2012-08-09T16:16:46.602+02:00" name="qspr.tests.TestEPBrowserCommandPanel">
        <testcase time="11.4079999999999994741983755375258624553680419921875" classname="qspr.tests.TestEPBrowserCommandPanel" name="testSelectRecord"/>
        <testcase time="2.15899999999999980815346134477294981479644775390625" classname="qspr.tests.TestEPBrowserCommandPanel" name="testUnSelectRecord"/>
        <testcase time="2.0480000000000000426325641456060111522674560546875" classname="qspr.tests.TestEPBrowserCommandPanel" name="testDeleteRecord"/>
        <testcase time="2.785000000000000142108547152020037174224853515625" classname="qspr.tests.TestEPBrowserCommandPanel" name="testEditRecordDirect"/>
        <system-out></system-out>
        <system-err></system-err>
    </testsuite>
    <testsuite id="0" time="1207.580999999999903593561612069606781005859375" errors="0" failures="0" tests="3" hostname="iurii" timestamp="2012-08-09T16:16:46.602+02:00" name="qspr.tests.TestConditionBrowserFilterLinks">
        <testcase time="5.2050000000000000710542735760100185871124267578125" classname="qspr.tests.TestConditionBrowserFilterLinks" name="testFilterConditionName"/>
        <testcase time="1.7949999999999999289457264239899814128875732421875" classname="qspr.tests.TestConditionBrowserFilterLinks" name="testLinkCreateNewCondition"/>
        <testcase time="1.9859999999999999875655021241982467472553253173828125" classname="qspr.tests.TestConditionBrowserFilterLinks" name="testLinkCreateNewGroup"/>
        <system-out></system-out>
        <system-err></system-err>
    </testsuite>
    <testsuite id="0" time="1194.3389999999999417923390865325927734375" errors="0" failures="0" tests="2" hostname="iurii" timestamp="2012-08-09T16:16:46.603+02:00" name="qspr.tests.TestEPBrowserFilterProperty">
        <testcase time="5.76499999999999968025576890795491635799407958984375" classname="qspr.tests.TestEPBrowserFilterProperty" name="testFilterProperty"/>
        <testcase time="4.96999999999999975131004248396493494510650634765625" classname="qspr.tests.TestEPBrowserFilterProperty" name="testFilterPropertySelect"/>
        <system-out></system-out>
        <system-err></system-err>
    </testsuite>
    <testsuite id="0" time="1179.3800000000001091393642127513885498046875" errors="0" failures="0" tests="3" hostname="iurii" timestamp="2012-08-09T16:16:46.603+02:00" name="qspr.tests.TestArticleBrowserWikiPager">
        <testcase time="6.18599999999999994315658113919198513031005859375" classname="qspr.tests.TestArticleBrowserWikiPager" name="testPagerFwdBwd"/>
        <testcase time="10.3149999999999995026200849679298698902130126953125" classname="qspr.tests.TestArticleBrowserWikiPager" name="testPagerItemAmount"/>
        <testcase time="2.592000000000000081712414612411521375179290771484375" classname="qspr.tests.TestArticleBrowserWikiPager" name="testLinkTitleToWiki"/>
        <system-out></system-out>
        <system-err></system-err>
    </testsuite>
    <testsuite id="0" time="1156.048000000000001818989403545856475830078125" errors="0" failures="0" tests="2" hostname="iurii" timestamp="2012-08-09T16:16:46.603+02:00" name="qspr.tests.TestAuthorBrowserWikiPager">
        <testcase time="3.599000000000000198951966012828052043914794921875" classname="qspr.tests.TestAuthorBrowserWikiPager" name="testFilterAuthorLastName"/>
        <testcase time="1.78699999999999992184029906638897955417633056640625" classname="qspr.tests.TestAuthorBrowserWikiPager" name="testLinkNewAuthor"/>
        <system-out></system-out>
        <system-err></system-err>
    </testsuite>
    <testsuite id="0" time="1146.420000000000072759576141834259033203125" errors="0" failures="0" tests="1" hostname="iurii" timestamp="2012-08-09T16:16:46.604+02:00" name="qspr.tests.TestBasketBrowserWikiPager">
        <testcase time="2.544000000000000039079850466805510222911834716796875" classname="qspr.tests.TestBasketBrowserWikiPager" name="testLinkTitleToWiki"/>
        <system-out></system-out>
        <system-err></system-err>
    </testsuite>
    <testsuite id="0" time="1139.82099999999991268850862979888916015625" errors="0" failures="0" tests="13" hostname="iurii" timestamp="2012-08-09T16:16:46.604+02:00" name="qspr.tests.TestOchemMenuDatabase">
        <testcase time="10.07000000000000028421709430404007434844970703125" classname="qspr.tests.TestOchemMenuDatabase" name="testDatabaseCompoundProperties"/>
        <testcase time="3.153999999999999914734871708787977695465087890625" classname="qspr.tests.TestOchemMenuDatabase" name="testDatabaseMolecules"/>
        <testcase time="1.2560000000000000053290705182007513940334320068359375" classname="qspr.tests.TestOchemMenuDatabase" name="testDatabaseProperties"/>
        <testcase time="1.4010000000000000230926389122032560408115386962890625" classname="qspr.tests.TestOchemMenuDatabase" name="testDatabaseConditions"/>
        <testcase time="11.7249999999999996447286321199499070644378662109375" classname="qspr.tests.TestOchemMenuDatabase" name="testDatabaseUnits"/>
        <testcase time="1.221999999999999975131004248396493494510650634765625" classname="qspr.tests.TestOchemMenuDatabase" name="testDatabaseArticlesBooks"/>
        <testcase time="1.2319999999999999840127884453977458178997039794921875" classname="qspr.tests.TestOchemMenuDatabase" name="testDatabaseJournals"/>
        <testcase time="1.20999999999999996447286321199499070644378662109375" classname="qspr.tests.TestOchemMenuDatabase" name="testDatabaseMoleculeSets"/>
        <testcase time="1.22599999999999997868371792719699442386627197265625" classname="qspr.tests.TestOchemMenuDatabase" name="testDatabaseTags"/>
        <testcase time="0.7199999999999999733546474089962430298328399658203125" classname="qspr.tests.TestOchemMenuDatabase" name="testDatabaseAreaOfInterest"/>
        <testcase time="1.25" classname="qspr.tests.TestOchemMenuDatabase" name="testDatabaseUserRelatedChanges"/>
        <testcase time="0.6710000000000000408562073062057606875896453857421875" classname="qspr.tests.TestOchemMenuDatabase" name="testDatabaseBatchDataUpload"/>
        <testcase time="1.2230000000000000870414851306122727692127227783203125" classname="qspr.tests.TestOchemMenuDatabase" name="testDatabaseTrash"/>
        <system-out></system-out>
        <system-err></system-err>
    </testsuite>
    <testsuite id="0" time="1099.223999999999932697392068803310394287109375" errors="0" failures="0" tests="2" hostname="iurii" timestamp="2012-08-09T16:16:46.604+02:00" name="qspr.tests.TestEPBrowserPager">
        <testcase time="33.4200000000000017053025658242404460906982421875" classname="qspr.tests.TestEPBrowserPager" name="testPagerFwdBwd"/>
        <testcase time="16.32000000000000028421709430404007434844970703125" classname="qspr.tests.TestEPBrowserPager" name="testPagerItemAmount"/>
        <system-out></system-out>
        <system-err></system-err>
    </testsuite>
    <testsuite id="0" time="1040.348999999999932697392068803310394287109375" errors="0" failures="0" tests="9" hostname="iurii" timestamp="2012-08-09T16:16:46.605+02:00" name="qspr.tests.TestEPBrowserFilterSort">
        <testcase time="17.4669999999999987494447850622236728668212890625" classname="qspr.tests.TestEPBrowserFilterSort" name="testFilterSortCreationTime"/>
        <testcase time="5.24500000000000010658141036401502788066864013671875" classname="qspr.tests.TestEPBrowserFilterSort" name="testFilterSortModificationTime"/>
        <testcase time="5.17999999999999971578290569595992565155029296875" classname="qspr.tests.TestEPBrowserFilterSort" name="testFilterSortNumericalValue"/>
        <testcase time="5.22200000000000041922021409845910966396331787109375" classname="qspr.tests.TestEPBrowserFilterSort" name="testFilterSortConvertedNumericalValue"/>
        <testcase time="5.2430000000000003268496584496460855007171630859375" classname="qspr.tests.TestEPBrowserFilterSort" name="testFilterSortCompound"/>
        <testcase time="13.800000000000000710542735760100185871124267578125" classname="qspr.tests.TestEPBrowserFilterSort" name="testFilterSortMolecularWeight"/>
        <testcase time="5.63900000000000023447910280083306133747100830078125" classname="qspr.tests.TestEPBrowserFilterSort" name="testFilterSortProperty"/>
        <testcase time="5.39299999999999979394260662957094609737396240234375" classname="qspr.tests.TestEPBrowserFilterSort" name="testFilterSortIdentifierInArticle"/>
        <testcase time="5.4870000000000000994759830064140260219573974609375" classname="qspr.tests.TestEPBrowserFilterSort" name="testFilterSortLineInArticle"/>
        <system-out></system-out>
        <system-err></system-err>
    </testsuite>
    <testsuite id="0" time="967.192999999999983629095368087291717529296875" errors="0" failures="1" tests="2" hostname="iurii" timestamp="2012-08-09T16:16:46.605+02:00" name="qspr.tests.TestEPBrowserMenuBasket">
        <testcase time="12.7189999999999994173549566767178475856781005859375" classname="qspr.tests.TestEPBrowserMenuBasket" name="testAddToBasket"/>
        <testcase time="3.07500000000000017763568394002504646778106689453125" classname="qspr.tests.TestEPBrowserMenuBasket" name="testRemoveFromBasket">
            <failure type="org.junit.ComparisonFailure" message="expected:&lt;[0]&gt; but was:&lt;[1]&gt;">org.junit.ComparisonFailure: expected:&lt;[0]&gt; but was:&lt;[1]&gt;
	at org.junit.Assert.assertEquals(Assert.java:125)
	at org.junit.Assert.assertEquals(Assert.java:147)
	at qspr.tests.TestEPBrowserMenuBasket.testRemoveFromBasket(TestEPBrowserMenuBasket.java:132)
	at sun.reflect.NativeMethodAccessorImpl.invoke0(Native Method)
	at sun.reflect.NativeMethodAccessorImpl.invoke(NativeMethodAccessorImpl.java:39)
	at sun.reflect.DelegatingMethodAccessorImpl.invoke(DelegatingMethodAccessorImpl.java:25)
	at java.lang.reflect.Method.invoke(Method.java:597)
	at org.junit.runners.model.FrameworkMethod$1.runReflectiveCall(FrameworkMethod.java:45)
	at org.junit.internal.runners.model.ReflectiveCallable.run(ReflectiveCallable.java:15)
	at org.junit.runners.model.FrameworkMethod.invokeExplosively(FrameworkMethod.java:42)
	at org.junit.internal.runners.statements.InvokeMethod.evaluate(InvokeMethod.java:20)
	at org.junit.runners.ParentRunner.runLeaf(ParentRunner.java:263)
	at org.junit.runners.BlockJUnit4ClassRunner.runChild(BlockJUnit4ClassRunner.java:68)
	at org.junit.runners.BlockJUnit4ClassRunner.runChild(BlockJUnit4ClassRunner.java:47)
	at org.junit.runners.ParentRunner$3.run(ParentRunner.java:231)
	at org.junit.runners.ParentRunner$1.schedule(ParentRunner.java:60)
	at org.junit.runners.ParentRunner.runChildren(ParentRunner.java:229)
	at org.junit.runners.ParentRunner.access$000(ParentRunner.java:50)
	at org.junit.runners.ParentRunner$2.evaluate(ParentRunner.java:222)
	at org.junit.internal.runners.statements.RunBefores.evaluate(RunBefores.java:28)
	at org.junit.internal.runners.statements.RunAfters.evaluate(RunAfters.java:30)
	at org.junit.runners.ParentRunner.run(ParentRunner.java:300)
	at org.junit.runners.Suite.runChild(Suite.java:128)
	at org.junit.runners.Suite.runChild(Suite.java:24)
	at org.junit.runners.ParentRunner$3.run(ParentRunner.java:231)
	at org.junit.runners.ParentRunner$1.schedule(ParentRunner.java:60)
	at org.junit.runners.ParentRunner.runChildren(ParentRunner.java:229)
	at org.junit.runners.ParentRunner.access$000(ParentRunner.java:50)
	at org.junit.runners.ParentRunner$2.evaluate(ParentRunner.java:222)
	at org.junit.runners.ParentRunner.run(ParentRunner.java:300)
	at org.junit.runner.JUnitCore.run(JUnitCore.java:157)
	at org.junit.runner.JUnitCore.run(JUnitCore.java:136)
	at qspr.tests.PeriodicTestRunner.run(PeriodicTestRunner.java:70)
	at qspr.dev.TestTheTest.main(TestTheTest.java:14)
</failure>
        </testcase>
        <system-out></system-out>
        <system-err></system-err>
    </testsuite>
    <testsuite id="0" time="946.64300000000002910383045673370361328125" errors="0" failures="0" tests="3" hostname="iurii" timestamp="2012-08-09T16:16:46.605+02:00" name="qspr.tests.TestAuthorBrowserFilterLinks">
        <testcase time="6.29000000000000003552713678800500929355621337890625" classname="qspr.tests.TestAuthorBrowserFilterLinks" name="testPagerFwdBwd"/>
        <testcase time="6.28399999999999980815346134477294981479644775390625" classname="qspr.tests.TestAuthorBrowserFilterLinks" name="testPagerItemAmount"/>
        <testcase time="2.51799999999999979394260662957094609737396240234375" classname="qspr.tests.TestAuthorBrowserFilterLinks" name="testLinkTitleToWiki"/>
        <system-out></system-out>
        <system-err></system-err>
    </testsuite>
    <testsuite id="0" time="926.9239999999999781721271574497222900390625" errors="0" failures="0" tests="2" hostname="iurii" timestamp="2012-08-09T16:16:46.606+02:00" name="qspr.tests.TestJournalBrowserFilterLinks">
        <testcase time="3.535000000000000142108547152020037174224853515625" classname="qspr.tests.TestJournalBrowserFilterLinks" name="testFilterJournalName"/>
        <testcase time="1.7689999999999999058530875117867253720760345458984375" classname="qspr.tests.TestJournalBrowserFilterLinks" name="testLinkNewJournal"/>
        <system-out></system-out>
        <system-err></system-err>
    </testsuite>
    <testsuite id="0" time="917.0230000000000245563569478690624237060546875" errors="0" failures="0" tests="3" hostname="iurii" timestamp="2012-08-09T16:16:46.606+02:00" name="qspr.tests.TestPropertiesBrowserFilterLinks">
        <testcase time="1.991000000000000103028696685214526951313018798828125" classname="qspr.tests.TestPropertiesBrowserFilterLinks" name="testLinkCreateNewGroup"/>
        <testcase time="3.436999999999999833022457096376456320285797119140625" classname="qspr.tests.TestPropertiesBrowserFilterLinks" name="testFilterPropertyName"/>
        <testcase time="1.91500000000000003552713678800500929355621337890625" classname="qspr.tests.TestPropertiesBrowserFilterLinks" name="testLinkCreateNewProperty"/>
        <system-out></system-out>
        <system-err></system-err>
    </testsuite>
    <testsuite id="0" time="904.8329999999999699866748414933681488037109375" errors="0" failures="0" tests="3" hostname="iurii" timestamp="2012-08-09T16:16:46.606+02:00" name="qspr.tests.TestJournalBrowserWikiPager">
        <testcase time="5.93799999999999972288833305356092751026153564453125" classname="qspr.tests.TestJournalBrowserWikiPager" name="testPagerFwdBwd"/>
        <testcase time="7.1150000000000002131628207280300557613372802734375" classname="qspr.tests.TestJournalBrowserWikiPager" name="testPagerItemAmount"/>
        <testcase time="2.46300000000000007815970093361102044582366943359375" classname="qspr.tests.TestJournalBrowserWikiPager" name="testLinkTitleToWiki"/>
        <system-out></system-out>
        <system-err></system-err>
    </testsuite>
    <testsuite id="0" time="884.9460000000000263753463514149188995361328125" errors="0" failures="0" tests="3" hostname="iurii" timestamp="2012-08-09T16:16:46.607+02:00" name="qspr.tests.TestConditionBrowserWikiPager">
        <testcase time="21.004000000000001335820343228988349437713623046875" classname="qspr.tests.TestConditionBrowserWikiPager" name="testPagerFwdBwd"/>
        <testcase time="8.8900000000000005684341886080801486968994140625" classname="qspr.tests.TestConditionBrowserWikiPager" name="testPagerItemAmount"/>
        <testcase time="2.5769999999999999573674358543939888477325439453125" classname="qspr.tests.TestConditionBrowserWikiPager" name="testLinkTitleToWiki"/>
        <system-out></system-out>
        <system-err></system-err>
    </testsuite>
    <testsuite id="0" time="847.9109999999999445208231918513774871826171875" errors="0" failures="1" tests="4" hostname="iurii" timestamp="2012-08-09T16:16:46.607+02:00" name="qspr.tests.TestEPBrowserFilterSource">
        <testcase time="39.844999999999998863131622783839702606201171875" classname="qspr.tests.TestEPBrowserFilterSource" name="testFilterSourceArticle">
            <failure type="junit.framework.AssertionFailedError" message="timeout for element &quot;//div[@id='ac-article-container']/div/div[2]/ul/li[1]&quot; after 30000 millis.">junit.framework.AssertionFailedError: timeout for element &quot;//div[@id='ac-article-container']/div/div[2]/ul/li[1]&quot; after 30000 millis.
	at junit.framework.Assert.fail(Assert.java:50)
	at qspr.tests.SeleniumT.waitForAutoCompleteTextPresent(SeleniumT.java:506)
	at qspr.tests.SeleniumT.waitForAutoCompleteTextPresent(SeleniumT.java:490)
	at qspr.tests.TestEPBrowserFilterSource.testFilterSourceArticle(TestEPBrowserFilterSource.java:50)
	at sun.reflect.NativeMethodAccessorImpl.invoke0(Native Method)
	at sun.reflect.NativeMethodAccessorImpl.invoke(NativeMethodAccessorImpl.java:39)
	at sun.reflect.DelegatingMethodAccessorImpl.invoke(DelegatingMethodAccessorImpl.java:25)
	at java.lang.reflect.Method.invoke(Method.java:597)
	at org.junit.runners.model.FrameworkMethod$1.runReflectiveCall(FrameworkMethod.java:45)
	at org.junit.internal.runners.model.ReflectiveCallable.run(ReflectiveCallable.java:15)
	at org.junit.runners.model.FrameworkMethod.invokeExplosively(FrameworkMethod.java:42)
	at org.junit.internal.runners.statements.InvokeMethod.evaluate(InvokeMethod.java:20)
	at org.junit.runners.ParentRunner.runLeaf(ParentRunner.java:263)
	at org.junit.runners.BlockJUnit4ClassRunner.runChild(BlockJUnit4ClassRunner.java:68)
	at org.junit.runners.BlockJUnit4ClassRunner.runChild(BlockJUnit4ClassRunner.java:47)
	at org.junit.runners.ParentRunner$3.run(ParentRunner.java:231)
	at org.junit.runners.ParentRunner$1.schedule(ParentRunner.java:60)
	at org.junit.runners.ParentRunner.runChildren(ParentRunner.java:229)
	at org.junit.runners.ParentRunner.access$000(ParentRunner.java:50)
	at org.junit.runners.ParentRunner$2.evaluate(ParentRunner.java:222)
	at org.junit.internal.runners.statements.RunBefores.evaluate(RunBefores.java:28)
	at org.junit.internal.runners.statements.RunAfters.evaluate(RunAfters.java:30)
	at org.junit.runners.ParentRunner.run(ParentRunner.java:300)
	at org.junit.runners.Suite.runChild(Suite.java:128)
	at org.junit.runners.Suite.runChild(Suite.java:24)
	at org.junit.runners.ParentRunner$3.run(ParentRunner.java:231)
	at org.junit.runners.ParentRunner$1.schedule(ParentRunner.java:60)
	at org.junit.runners.ParentRunner.runChildren(ParentRunner.java:229)
	at org.junit.runners.ParentRunner.access$000(ParentRunner.java:50)
	at org.junit.runners.ParentRunner$2.evaluate(ParentRunner.java:222)
	at org.junit.runners.ParentRunner.run(ParentRunner.java:300)
	at org.junit.runner.JUnitCore.run(JUnitCore.java:157)
	at org.junit.runner.JUnitCore.run(JUnitCore.java:136)
	at qspr.tests.PeriodicTestRunner.run(PeriodicTestRunner.java:70)
	at qspr.dev.TestTheTest.main(TestTheTest.java:14)
</failure>
        </testcase>
        <testcase time="4.4749999999999996447286321199499070644378662109375" classname="qspr.tests.TestEPBrowserFilterSource" name="testFilterSourceArticleSelect"/>
        <testcase time="25.120999999999998664179656771011650562286376953125" classname="qspr.tests.TestEPBrowserFilterSource" name="testFilterSourcePage"/>
        <testcase time="18.782000000000000028421709430404007434844970703125" classname="qspr.tests.TestEPBrowserFilterSource" name="testFilterSourceTable"/>
        <system-out></system-out>
        <system-err></system-err>
    </testsuite>
    <testsuite id="0" time="755.104000000000041836756281554698944091796875" errors="0" failures="0" tests="3" hostname="iurii" timestamp="2012-08-09T16:16:46.607+02:00" name="qspr.tests.TestUnitBrowserWikiPager">
        <testcase time="19.45100000000000051159076974727213382720947265625" classname="qspr.tests.TestUnitBrowserWikiPager" name="testPagerFwdBwd"/>
        <testcase time="14.458999999999999630517777404747903347015380859375" classname="qspr.tests.TestUnitBrowserWikiPager" name="testPagerItemAmount"/>
        <testcase time="3.1669999999999998152588887023739516735076904296875" classname="qspr.tests.TestUnitBrowserWikiPager" name="testLinkTitleToWiki"/>
        <system-out></system-out>
        <system-err></system-err>
    </testsuite>
    <testsuite id="0" time="710.884000000000014551915228366851806640625" errors="0" failures="0" tests="6" hostname="iurii" timestamp="2012-08-09T16:16:46.608+02:00" name="qspr.tests.TestBasketBrowserFilterLinks">
        <testcase time="4.44099999999999983657517077517695724964141845703125" classname="qspr.tests.TestBasketBrowserFilterLinks" name="testFilterBasketName"/>
        <testcase time="1.8939999999999999058530875117867253720760345458984375" classname="qspr.tests.TestBasketBrowserFilterLinks" name="testLinkNewBasket"/>
        <testcase time="7.3179999999999996163069226895458996295928955078125" classname="qspr.tests.TestBasketBrowserFilterLinks" name="testFilterShowPublicSets"/>
        <testcase time="1.86699999999999999289457264239899814128875732421875" classname="qspr.tests.TestBasketBrowserFilterLinks" name="testLinkRecordExport"/>
        <testcase time="1.8859999999999998987476601541857235133647918701171875" classname="qspr.tests.TestBasketBrowserFilterLinks" name="testLinkRecordDescriptor"/>
        <testcase time="1.834000000000000074606987254810519516468048095703125" classname="qspr.tests.TestBasketBrowserFilterLinks" name="testLinkRecordUpload"/>
        <system-out></system-out>
        <system-err></system-err>
    </testsuite>
    <testsuite id="0" time="687.2910000000000536601874046027660369873046875" errors="0" failures="0" tests="7" hostname="iurii" timestamp="2012-08-09T16:16:46.608+02:00" name="qspr.tests.TestArticleBrowserRecordLinks">
        <testcase time="2.737999999999999989341858963598497211933135986328125" classname="qspr.tests.TestArticleBrowserRecordLinks" name="testLinkArticleProfileArticleRecord"/>
        <testcase time="2.709000000000000074606987254810519516468048095703125" classname="qspr.tests.TestArticleBrowserRecordLinks" name="testLinkBrowseRecordsArticleRecord"/>
        <testcase time="14.833999999999999630517777404747903347015380859375" classname="qspr.tests.TestArticleBrowserRecordLinks" name="testLinkDoiArticleRecord"/>
        <testcase time="5.6340000000000003410605131648480892181396484375" classname="qspr.tests.TestArticleBrowserRecordLinks" name="testLinkPubmedIdArticleRecord"/>
        <testcase time="6.7140000000000004121147867408581078052520751953125" classname="qspr.tests.TestArticleBrowserRecordLinks" name="testLinkPreprintArticleRecord"/>
        <testcase time="2.27099999999999990762944435118697583675384521484375" classname="qspr.tests.TestArticleBrowserRecordLinks" name="testLinkPdfArticleRecord"/>
        <testcase time="2.729999999999999982236431605997495353221893310546875" classname="qspr.tests.TestArticleBrowserRecordLinks" name="testLinkCreateNewArticleRecord"/>
        <system-out></system-out>
        <system-err></system-err>
    </testsuite>
    <testsuite id="0" time="642.6889999999999645297066308557987213134765625" errors="0" failures="1" tests="13" hostname="iurii" timestamp="2012-08-09T16:16:46.608+02:00" name="qspr.tests.TestEPBrowserFilterTestMiscellaneous">
        <testcase time="93.0580000000000069348971010185778141021728515625" classname="qspr.tests.TestEPBrowserFilterTestMiscellaneous" name="testFilterMiscCurrentSet">
            <failure type="com.thoughtworks.selenium.SeleniumException" message="ERROR: There was an unexpected Alert! [Request to server failed!]">com.thoughtworks.selenium.SeleniumException: ERROR: There was an unexpected Alert! [Request to server failed!]
	at com.thoughtworks.selenium.HttpCommandProcessor.throwAssertionFailureExceptionOrError(HttpCommandProcessor.java:112)
	at com.thoughtworks.selenium.HttpCommandProcessor.doCommand(HttpCommandProcessor.java:106)
	at com.thoughtworks.selenium.DefaultSelenium.select(DefaultSelenium.java:345)
	at qspr.tests.TestEPBrowserFilterTestMiscellaneous.testFilterMiscCurrentSet(TestEPBrowserFilterTestMiscellaneous.java:61)
	at sun.reflect.NativeMethodAccessorImpl.invoke0(Native Method)
	at sun.reflect.NativeMethodAccessorImpl.invoke(NativeMethodAccessorImpl.java:39)
	at sun.reflect.DelegatingMethodAccessorImpl.invoke(DelegatingMethodAccessorImpl.java:25)
	at java.lang.reflect.Method.invoke(Method.java:597)
	at org.junit.runners.model.FrameworkMethod$1.runReflectiveCall(FrameworkMethod.java:45)
	at org.junit.internal.runners.model.ReflectiveCallable.run(ReflectiveCallable.java:15)
	at org.junit.runners.model.FrameworkMethod.invokeExplosively(FrameworkMethod.java:42)
	at org.junit.internal.runners.statements.InvokeMethod.evaluate(InvokeMethod.java:20)
	at org.junit.runners.ParentRunner.runLeaf(ParentRunner.java:263)
	at org.junit.runners.BlockJUnit4ClassRunner.runChild(BlockJUnit4ClassRunner.java:68)
	at org.junit.runners.BlockJUnit4ClassRunner.runChild(BlockJUnit4ClassRunner.java:47)
	at org.junit.runners.ParentRunner$3.run(ParentRunner.java:231)
	at org.junit.runners.ParentRunner$1.schedule(ParentRunner.java:60)
	at org.junit.runners.ParentRunner.runChildren(ParentRunner.java:229)
	at org.junit.runners.ParentRunner.access$000(ParentRunner.java:50)
	at org.junit.runners.ParentRunner$2.evaluate(ParentRunner.java:222)
	at org.junit.internal.runners.statements.RunBefores.evaluate(RunBefores.java:28)
	at org.junit.internal.runners.statements.RunAfters.evaluate(RunAfters.java:30)
	at org.junit.runners.ParentRunner.run(ParentRunner.java:300)
	at org.junit.runners.Suite.runChild(Suite.java:128)
	at org.junit.runners.Suite.runChild(Suite.java:24)
	at org.junit.runners.ParentRunner$3.run(ParentRunner.java:231)
	at org.junit.runners.ParentRunner$1.schedule(ParentRunner.java:60)
	at org.junit.runners.ParentRunner.runChildren(ParentRunner.java:229)
	at org.junit.runners.ParentRunner.access$000(ParentRunner.java:50)
	at org.junit.runners.ParentRunner$2.evaluate(ParentRunner.java:222)
	at org.junit.runners.ParentRunner.run(ParentRunner.java:300)
	at org.junit.runner.JUnitCore.run(JUnitCore.java:157)
	at org.junit.runner.JUnitCore.run(JUnitCore.java:136)
	at qspr.tests.PeriodicTestRunner.run(PeriodicTestRunner.java:70)
	at qspr.dev.TestTheTest.main(TestTheTest.java:14)
</failure>
        </testcase>
        <testcase time="24.6280000000000001136868377216160297393798828125" classname="qspr.tests.TestEPBrowserFilterTestMiscellaneous" name="testFilterMiscRecordsByIntroducers"/>
        <testcase time="21.792000000000001591615728102624416351318359375" classname="qspr.tests.TestEPBrowserFilterTestMiscellaneous" name="testFilterMiscPrivateRecords"/>
        <testcase time="11.477000000000000312638803734444081783294677734375" classname="qspr.tests.TestEPBrowserFilterTestMiscellaneous" name="testFilterMiscOriginalRecords"/>
        <testcase time="11.3269999999999999573674358543939888477325439453125" classname="qspr.tests.TestEPBrowserFilterTestMiscellaneous" name="testFilterMiscPrimaryRecords"/>
        <testcase time="19.632000000000001449507180950604379177093505859375" classname="qspr.tests.TestEPBrowserFilterTestMiscellaneous" name="testFilterMiscNotValidated"/>
        <testcase time="11.983000000000000540012479177676141262054443359375" classname="qspr.tests.TestEPBrowserFilterTestMiscellaneous" name="testFilterMiscErrorRecords"/>
        <testcase time="72.894000000000005456968210637569427490234375" classname="qspr.tests.TestEPBrowserFilterTestMiscellaneous" name="testFilterMiscErrorInchis"/>
        <testcase time="111.549000000000006593836587853729724884033203125" classname="qspr.tests.TestEPBrowserFilterTestMiscellaneous" name="testFilterMiscMismatchingNames"/>
        <testcase time="116.2600000000000051159076974727213382720947265625" classname="qspr.tests.TestEPBrowserFilterTestMiscellaneous" name="testFilterMiscMismatchingNamesStereo"/>
        <testcase time="21.0330000000000012505552149377763271331787109375" classname="qspr.tests.TestEPBrowserFilterTestMiscellaneous" name="testFilterMiscEmptyMolecules"/>
        <testcase time="3.991000000000000103028696685214526951313018798828125" classname="qspr.tests.TestEPBrowserFilterTestMiscellaneous" name="testFilterMiscDuplicates"/>
        <testcase time="4.6959999999999997299937604111619293689727783203125" classname="qspr.tests.TestEPBrowserFilterTestMiscellaneous" name="testFilterMiscDuplicatesNoStereo"/>
        <system-out></system-out>
        <system-err></system-err>
    </testsuite>
    <testsuite id="0" time="118.0510000000000019326762412674725055694580078125" errors="0" failures="0" tests="8" hostname="iurii" timestamp="2012-08-09T16:16:46.609+02:00" name="qspr.tests.PeriodicTests">
        <testcase time="7.01700000000000034816594052244909107685089111328125" classname="qspr.tests.PeriodicTests" name="emailTest"/>
        <testcase time="4.3300000000000000710542735760100185871124267578125" classname="qspr.tests.PeriodicTests" name="ncbiSearchTest"/>
        <testcase time="0.007000000000000000145716771982051795930601656436920166015625" classname="qspr.tests.PeriodicTests" name="metaserverTest"/>
        <testcase time="4.17100000000000026290081223123706877231597900390625" classname="qspr.tests.PeriodicTests" name="boincTest"/>
        <testcase time="4.06200000000000027711166694643907248973846435546875" classname="qspr.tests.PeriodicTests" name="corinaTest"/>
        <testcase time="7.09700000000000041922021409845910966396331787109375" classname="qspr.tests.PeriodicTests" name="shape_signaturesTest"/>
        <testcase time="33.7999999999999971578290569595992565155029296875" classname="qspr.tests.PeriodicTests" name="amesModelTest"/>
        <testcase time="0.00200000000000000004163336342344337026588618755340576171875" classname="qspr.tests.PeriodicTests" name="used_memoryTest"/>
        <system-out></system-out>
        <system-err></system-err>
    </testsuite>
    <testsuite id="0" time="53.3190000000000026147972675971686840057373046875" errors="0" failures="0" tests="3" hostname="iurii" timestamp="2012-08-09T16:16:46.609+02:00" name="qspr.tests.TestMoleculeBrowserWikiPager">
        <testcase time="27.370000000000000994759830064140260219573974609375" classname="qspr.tests.TestMoleculeBrowserWikiPager" name="testPagerFwdBwd"/>
        <testcase time="21.7890000000000014779288903810083866119384765625" classname="qspr.tests.TestMoleculeBrowserWikiPager" name="testPagerItemAmount"/>
        <testcase time="3.79999999999999982236431605997495353221893310546875" classname="qspr.tests.TestMoleculeBrowserWikiPager" name="testLinkTitleToWiki"/>
        <system-out></system-out>
        <system-err></system-err>
    </testsuite>
</testsuites>
